<?xml version="1.0" encoding="UTF-8"?>
<!-- Generated by org.testng.reporters.JUnitReportReporter -->
<testsuite hostname="EPUALVIW1172" name="com.epam.integration.GetAllUsersTest" tests="2" failures="0" timestamp="14 Dec 2015 11:37:40 GMT" time="0.018" errors="0">
  <testcase name="testGetAllUsersPositive" time="0.012" classname="com.epam.integration.GetAllUsersTest"/>
  <testcase name="testGetAllUsersPositive" time="0.006" classname="com.epam.integration.GetAllUsersTest"/>
</testsuite> <!-- com.epam.integration.GetAllUsersTest -->
