<?xml version="1.0" encoding="UTF-8"?>
<!-- Generated by org.testng.reporters.JUnitReportReporter -->
<testsuite hostname="EPUALVIW1172" name="com.epam.integration.GetUsersByRoleNameTest" tests="4" failures="0" timestamp="14 Dec 2015 11:37:40 GMT" time="0.041" errors="0">
  <testcase name="testGetUserByRoleNameNegative" time="0.008" classname="com.epam.integration.GetUsersByRoleNameTest"/>
  <testcase name="testGetUserByRoleNameNegative" time="0.003" classname="com.epam.integration.GetUsersByRoleNameTest"/>
  <testcase name="testGetUsersByRoleNamePositive" time="0.007" classname="com.epam.integration.GetUsersByRoleNameTest"/>
  <testcase name="testGetUsersByRoleNamePositive" time="0.023" classname="com.epam.integration.GetUsersByRoleNameTest"/>
</testsuite> <!-- com.epam.integration.GetUsersByRoleNameTest -->
