<?xml version="1.0" encoding="UTF-8"?>
<!-- Generated by org.testng.reporters.JUnitReportReporter -->
<testsuite hostname="EPUALVIW1172" name="com.epam.unit.UserServiceTest" tests="12" failures="0" timestamp="14 Dec 2015 11:37:40 GMT" time="0.563" errors="0">
  <testcase name="testDeleteUser" time="0.023" classname="com.epam.unit.UserServiceTest"/>
  <testcase name="testRegisterUser" time="0.009" classname="com.epam.unit.UserServiceTest"/>
  <testcase name="testLoginUser" time="0.009" classname="com.epam.unit.UserServiceTest"/>
  <testcase name="testDeleteUser" time="0.007" classname="com.epam.unit.UserServiceTest"/>
  <testcase name="testGetUsersByRoleName" time="0.004" classname="com.epam.unit.UserServiceTest"/>
  <testcase name="testGetAllUser" time="0.012" classname="com.epam.unit.UserServiceTest"/>
  <testcase name="testGetAllUser" time="0.006" classname="com.epam.unit.UserServiceTest"/>
  <testcase name="testRegisterUser" time="0.004" classname="com.epam.unit.UserServiceTest"/>
  <testcase name="testLoginUser" time="0.004" classname="com.epam.unit.UserServiceTest"/>
  <testcase name="testAuthorizeUser" time="0.385" classname="com.epam.unit.UserServiceTest"/>
  <testcase name="testAuthorizeUser" time="0.078" classname="com.epam.unit.UserServiceTest"/>
  <testcase name="testGetUsersByRoleName" time="0.022" classname="com.epam.unit.UserServiceTest"/>
</testsuite> <!-- com.epam.unit.UserServiceTest -->
