<?xml version="1.0" encoding="UTF-8"?>
<!-- Generated by org.testng.reporters.JUnitReportReporter -->
<testsuite hostname="EPUALVIW1172" name="com.epam.integration.AuthorizeUserTest" tests="8" failures="0" timestamp="14 Dec 2015 11:37:40 GMT" time="0.054" errors="0">
  <testcase name="testAuthorizeNoExistNegative" time="0.008" classname="com.epam.integration.AuthorizeUserTest"/>
  <testcase name="testAuthorizePositive" time="0.005" classname="com.epam.integration.AuthorizeUserTest"/>
  <testcase name="testAuthorizeNoExistNegative" time="0.004" classname="com.epam.integration.AuthorizeUserTest"/>
  <testcase name="testAuthorizeEmptyEmailNegative" time="0.009" classname="com.epam.integration.AuthorizeUserTest"/>
  <testcase name="testAuthorizePositive" time="0.010" classname="com.epam.integration.AuthorizeUserTest"/>
  <testcase name="testAuthorizeEmptyPasswordNegative" time="0.003" classname="com.epam.integration.AuthorizeUserTest"/>
  <testcase name="testAuthorizeEmptyPasswordNegative" time="0.009" classname="com.epam.integration.AuthorizeUserTest"/>
  <testcase name="testAuthorizeEmptyEmailNegative" time="0.006" classname="com.epam.integration.AuthorizeUserTest"/>
</testsuite> <!-- com.epam.integration.AuthorizeUserTest -->
