<?xml version="1.0" encoding="UTF-8"?>
<!-- Generated by org.testng.reporters.JUnitReportReporter -->
<testsuite hostname="EPUALVIW1172" name="com.epam.integration.LoginUserTest" tests="8" failures="0" timestamp="14 Dec 2015 11:37:40 GMT" time="0.054" errors="0">
  <testcase name="testLoginNoExistUser" time="0.004" classname="com.epam.integration.LoginUserTest"/>
  <testcase name="testLoginEmptyEmailNegative" time="0.010" classname="com.epam.integration.LoginUserTest"/>
  <testcase name="testLoginEmptyEmailNegative" time="0.005" classname="com.epam.integration.LoginUserTest"/>
  <testcase name="testLoginEmptyPasswordNegative" time="0.004" classname="com.epam.integration.LoginUserTest"/>
  <testcase name="testLoginNoExistUser" time="0.008" classname="com.epam.integration.LoginUserTest"/>
  <testcase name="testLoginPositive" time="0.004" classname="com.epam.integration.LoginUserTest"/>
  <testcase name="testLoginEmptyPasswordNegative" time="0.009" classname="com.epam.integration.LoginUserTest"/>
  <testcase name="testLoginPositive" time="0.010" classname="com.epam.integration.LoginUserTest"/>
</testsuite> <!-- com.epam.integration.LoginUserTest -->
