<?xml version="1.0" encoding="UTF-8"?>
<!-- Generated by org.testng.reporters.JUnitReportReporter -->
<testsuite hostname="EPUALVIW1172" name="com.epam.integration.DeleteUserTest" tests="6" failures="0" timestamp="14 Dec 2015 11:37:40 GMT" time="0.050" errors="0">
  <testcase name="testDeleteUserPositive" time="0.016" classname="com.epam.integration.DeleteUserTest"/>
  <testcase name="testDeleteInvalidIdNegative" time="0.004" classname="com.epam.integration.DeleteUserTest"/>
  <testcase name="testDeleteUserPositive" time="0.008" classname="com.epam.integration.DeleteUserTest"/>
  <testcase name="testDeleteNoExistUserNegative" time="0.009" classname="com.epam.integration.DeleteUserTest"/>
  <testcase name="testDeleteNoExistUserNegative" time="0.004" classname="com.epam.integration.DeleteUserTest"/>
  <testcase name="testDeleteInvalidIdNegative" time="0.009" classname="com.epam.integration.DeleteUserTest"/>
</testsuite> <!-- com.epam.integration.DeleteUserTest -->
