<?xml version="1.0" encoding="UTF-8"?>
<!-- Generated by org.testng.reporters.JUnitReportReporter -->
<testsuite hostname="EPUALVIW1172" name="com.epam.integration.RegistrationUserTest" tests="8" failures="0" timestamp="14 Dec 2015 11:37:40 GMT" time="0.072" errors="0">
  <testcase name="testRegisterEmptyEmailNegative" time="0.005" classname="com.epam.integration.RegistrationUserTest"/>
  <testcase name="testRegisterEmptyEmailNegative" time="0.010" classname="com.epam.integration.RegistrationUserTest"/>
  <testcase name="testRegisterExistingUserNegative" time="0.009" classname="com.epam.integration.RegistrationUserTest"/>
  <testcase name="testRegisterEmptyPasswordNegative" time="0.010" classname="com.epam.integration.RegistrationUserTest"/>
  <testcase name="testRegisterEmptyPasswordNegative" time="0.005" classname="com.epam.integration.RegistrationUserTest"/>
  <testcase name="testRegisterPositive" time="0.019" classname="com.epam.integration.RegistrationUserTest"/>
  <testcase name="testRegisterPositive" time="0.008" classname="com.epam.integration.RegistrationUserTest"/>
  <testcase name="testRegisterExistingUserNegative" time="0.006" classname="com.epam.integration.RegistrationUserTest"/>
</testsuite> <!-- com.epam.integration.RegistrationUserTest -->
